\BOOKMARK [0][-]{chapter.1}{Introduzione}{}% 1
\BOOKMARK [1][-]{section.1.1}{Principi di sicurezza}{chapter.1}% 2
\BOOKMARK [1][-]{section.1.2}{Il problema del C}{chapter.1}% 3
\BOOKMARK [1][-]{section.1.3}{Stato dell'arte}{chapter.1}% 4
\BOOKMARK [1][-]{section.1.4}{Obiettivi}{chapter.1}% 5
\BOOKMARK [0][-]{chapter.2}{Security policy}{}% 6
\BOOKMARK [0][-]{chapter.3}{Rust}{}% 7
\BOOKMARK [1][-]{section.3.1}{Sistemi di tipi substrutturali}{chapter.3}% 8
\BOOKMARK [1][-]{section.3.2}{Linearit\340 in Rust}{chapter.3}% 9
\BOOKMARK [0][-]{chapter.4}{Memory Safety}{}% 10
\BOOKMARK [1][-]{section.4.1}{Buffer Overflow}{chapter.4}% 11
\BOOKMARK [1][-]{section.4.2}{Integer Overflow}{chapter.4}% 12
\BOOKMARK [1][-]{section.4.3}{Double-Free}{chapter.4}% 13
\BOOKMARK [1][-]{section.4.4}{Dangling References}{chapter.4}% 14
\BOOKMARK [0][-]{chapter.5}{Type Safety}{}% 15
\BOOKMARK [1][-]{section.5.1}{Type safety}{chapter.5}% 16
\BOOKMARK [1][-]{section.5.2}{Type casting}{chapter.5}% 17
\BOOKMARK [1][-]{section.5.3}{Type initialization}{chapter.5}% 18
\BOOKMARK [1][-]{section.5.4}{Immutability}{chapter.5}% 19
\BOOKMARK [1][-]{section.5.5}{Rapporto con Memory Safety}{chapter.5}% 20
\BOOKMARK [0][-]{chapter.6}{Conclusioni}{}% 21
\BOOKMARK [0][-]{chapter*.6}{Bibliografia}{}% 22
